\BOOKMARK [1][-]{Doc-Start}{\376\377\004\036\004\037\004\040\004\025\004\024\004\025\004\033\004\025\004\035\004\030\004\057\000,\000\040\004\036\004\021\004\036\004\027\004\035\004\020\004\047\004\025\004\035\004\030\004\057\000\040\004\030\000\040\004\041\004\036\004\032\004\040\004\020\004\051\004\025\004\035\004\030\004\057}{}% 1
\BOOKMARK [1][-]{section*.1}{\376\377\004\022\004\022\004\025\004\024\004\025\004\035\004\030\004\025}{}% 2
\BOOKMARK [1][-]{section.1}{\376\377\004\042\004\065\004\076\004\100\004\065\004\102\004\070\004\107\004\065\004\101\004\072\004\070\004\065\000\040\004\076\004\101\004\075\004\076\004\062\004\113\000\040\004\100\004\060\004\067\004\100\004\060\004\061\004\076\004\102\004\072\004\070\000\040\004\062\004\065\004\061\000-\004\077\004\100\004\070\004\073\004\076\004\066\004\065\004\075\004\070\004\071}{}% 3
\BOOKMARK [2][-]{subsection.1.1}{\376\377\004\036\004\061\004\067\004\076\004\100\000\040\004\060\004\100\004\105\004\070\004\102\004\065\004\072\004\102\004\103\004\100\004\113\000\040\004\072\004\073\004\070\004\065\004\075\004\102\000-\004\101\004\065\004\100\004\062\004\065\004\100\004\075\004\113\004\105\000\040\004\077\004\100\004\070\004\073\004\076\004\066\004\065\004\075\004\070\004\071}{section.1}% 4
\BOOKMARK [2][-]{subsection.1.2}{\376\377\004\042\004\065\004\105\004\075\004\076\004\073\004\076\004\063\004\070\004\070\000\040\004\100\004\060\004\067\004\100\004\060\004\061\004\076\004\102\004\072\004\070}{section.1}% 5
\BOOKMARK [3][-]{subsubsection.1.2.1}{\376\377\000J\000a\000v\000a\000S\000c\000r\000i\000p\000t}{subsection.1.2}% 6
\BOOKMARK [3][-]{subsubsection.1.2.2}{\376\377\000G\000o}{subsection.1.2}% 7
\BOOKMARK [3][-]{subsubsection.1.2.3}{\376\377\000D\000o\000c\000k\000e\000r}{subsection.1.2}% 8
\BOOKMARK [3][-]{subsubsection.1.2.4}{\376\377\000M\000i\000n\000I\000O}{subsection.1.2}% 9
\BOOKMARK [3][-]{subsubsection.1.2.5}{\376\377\000D\000r\000a\000g\000o\000n\000f\000l\000y}{subsection.1.2}% 10
\BOOKMARK [3][-]{subsubsection.1.2.6}{\376\377\000R\000e\000a\000c\000t}{subsection.1.2}% 11
\BOOKMARK [3][-]{subsubsection.1.2.7}{\376\377\000g\000+\000+}{subsection.1.2}% 12
\BOOKMARK [3][-]{subsubsection.1.2.8}{\376\377\000R\000E\000S\000T\000\040\000A\000P\000I}{subsection.1.2}% 13
\BOOKMARK [2][-]{subsection.1.3}{\376\377\004\037\004\100\004\070\004\075\004\106\004\070\004\077\004\113\000\040\004\102\004\065\004\101\004\102\004\070\004\100\004\076\004\062\004\060\004\075\004\070\004\117\000\040\004\077\004\100\004\076\004\063\004\100\004\060\004\074\004\074\004\075\004\076\004\063\004\076\000\040\004\072\004\076\004\064\004\060}{section.1}% 14
\BOOKMARK [1][-]{section.2}{\376\377\004\040\004\065\004\060\004\073\004\070\004\067\004\060\004\106\004\070\004\117\000\040\004\062\004\065\004\061\000-\004\077\004\100\004\070\004\073\004\076\004\066\004\065\004\075\004\070\004\117}{}% 15
\BOOKMARK [2][-]{subsection.2.1}{\376\377\004\041\004\102\004\100\004\103\004\072\004\102\004\103\004\100\004\060\000\040\004\072\004\073\004\070\004\065\004\075\004\102\004\101\004\072\004\076\004\071\000\040\004\107\004\060\004\101\004\102\004\070\000\040\004\077\004\100\004\070\004\073\004\076\004\066\004\065\004\075\004\070\004\117}{section.2}% 16
\BOOKMARK [2][-]{subsection.2.2}{\376\377\004\041\004\102\004\100\004\103\004\072\004\102\004\103\004\100\004\060\000\040\004\101\004\065\004\100\004\062\004\065\004\100\004\075\004\076\004\071\000\040\004\107\004\060\004\101\004\102\004\070\000\040\004\077\004\100\004\070\004\073\004\076\004\066\004\065\004\075\004\070\004\117}{section.2}% 17
\BOOKMARK [2][-]{subsection.2.3}{\376\377\004\030\004\075\004\102\004\065\004\063\004\100\004\060\004\106\004\070\004\117\000\040\004\077\004\100\004\070\004\073\004\076\004\066\004\065\004\075\004\070\004\117}{section.2}% 18
\BOOKMARK [1][-]{section*.6}{\376\377\004\027\004\020\004\032\004\033\004\056\004\047\004\025\004\035\004\030\004\025}{}% 19
\BOOKMARK [1][-]{section*.7}{\376\377\004\041\004\037\004\030\004\041\004\036\004\032\000\040\004\030\004\041\004\037\004\036\004\033\004\054\004\027\004\036\004\022\004\020\004\035\004\035\004\053\004\045\000\040\004\030\004\041\004\042\004\036\004\047\004\035\004\030\004\032\004\036\004\022}{}% 20
\BOOKMARK [1][-]{appendix.A}{\376\377\004\032\004\076\004\064\000,\000\040\004\076\004\102\004\062\004\065\004\107\004\060\004\116\004\111\004\070\004\071\000\040\004\067\004\060\000\040\004\062\004\067\004\060\004\070\004\074\004\076\004\064\004\065\004\071\004\101\004\102\004\062\004\070\004\065\000\040\004\101\000\040\000M\000i\000n\000I\000O}{}% 21
\BOOKMARK [1][-]{appendix.B}{\376\377\004\022\004\067\004\060\004\070\004\074\004\076\004\064\004\065\004\071\004\101\004\102\004\062\004\070\004\065\000\040\004\101\000\040\004\076\004\102\004\077\004\100\004\060\004\062\004\073\004\065\004\075\004\075\004\113\004\074\004\070\000\040\004\100\004\065\004\110\004\065\004\075\004\070\004\117\004\074\004\070}{}% 22
\BOOKMARK [1][-]{appendix.C}{\376\377\004\036\004\077\004\070\004\101\004\060\004\075\004\070\004\065\000\040\004\101\004\102\004\100\004\103\004\072\004\102\004\103\004\100\004\113\000\040\004\100\004\065\004\110\004\065\004\075\004\070\004\071\000\040\004\077\004\076\004\073\004\114\004\067\004\076\004\062\004\060\004\102\004\065\004\073\004\117}{}% 23
\BOOKMARK [1][-]{appendix.D}{\376\377\004\036\004\077\004\070\004\101\004\060\004\075\004\070\004\065\000\040\004\101\004\102\004\100\004\103\004\072\004\102\004\103\004\100\004\113\000\040\004\102\004\065\004\101\004\102\004\076\004\062\004\113\004\105\000\040\004\067\004\075\004\060\004\107\004\065\004\075\004\070\004\071}{}% 24
\BOOKMARK [1][-]{appendix.E}{\376\377\004\042\004\076\004\107\004\072\004\060\000\040\004\062\004\105\004\076\004\066\004\064\004\065\004\075\004\070\004\117\000\040\004\077\004\100\004\076\004\063\004\100\004\060\004\074\004\074\004\113}{}% 25
\BOOKMARK [1][-]{appendix.F}{\376\377\004\030\004\101\004\077\004\076\004\073\004\114\004\067\004\076\004\062\004\060\004\075\004\070\004\065\000\040\004\074\004\065\004\105\004\060\004\075\004\070\004\067\004\074\004\060\000\040\000P\000u\000b\000/\000S\000u\000b\000\040\004\062\000\040\004\074\004\070\004\072\004\100\004\076\004\101\004\065\004\100\004\062\004\070\004\101\004\065}{}% 26
\BOOKMARK [1][-]{appendix.G}{\376\377\004\032\004\076\004\074\004\077\004\070\004\073\004\117\004\106\004\070\004\117\000\040\004\100\004\065\004\110\004\065\004\075\004\070\004\117}{}% 27
\BOOKMARK [1][-]{appendix.H}{\376\377\004\042\004\065\004\101\004\102\004\070\004\100\004\076\004\062\004\060\004\075\004\070\004\065\000\040\004\077\004\100\004\076\004\063\004\100\004\060\004\074\004\074\004\113}{}% 28
\BOOKMARK [1][-]{appendix.I}{\376\377\004\041\004\076\004\067\004\064\004\060\004\075\004\070\004\065\000\040\004\070\004\067\004\076\004\073\004\070\004\100\004\076\004\062\004\060\004\075\004\075\004\076\004\063\004\076\000\040\004\072\004\076\004\075\004\102\004\065\004\071\004\075\004\065\004\100\004\060\000\040\004\064\004\073\004\117\000\040\004\072\004\076\004\074\004\077\004\070\004\073\004\117\004\106\004\070\004\070\000\040\004\100\004\065\004\110\004\065\004\075\004\070\004\071}{}% 29
\BOOKMARK [1][-]{appendix.J}{\376\377\004\036\004\063\004\100\004\060\004\075\004\070\004\107\004\065\004\075\004\070\004\117\000\040\004\077\004\076\000\040\004\072\004\076\004\074\004\077\004\070\004\073\004\117\004\106\004\070\004\070}{}% 30
\BOOKMARK [1][-]{appendix.K}{\376\377\004\022\004\067\004\060\004\070\004\074\004\076\004\064\004\065\004\071\004\101\004\102\004\062\004\070\004\065\000\040\004\101\000\040\004\077\004\065\004\101\004\076\004\107\004\075\004\070\004\106\004\065\004\071}{}% 31
\BOOKMARK [1][-]{appendix.L}{\376\377\004\044\004\076\004\100\004\074\004\060\000\040\004\075\004\060\000\040\004\072\004\073\004\070\004\065\004\075\004\102\004\101\004\072\004\076\004\071\000\040\004\107\004\060\004\101\004\102\004\070\000\040\004\077\004\100\004\070\004\073\004\076\004\066\004\065\004\075\004\070\004\117}{}% 32
\BOOKMARK [1][-]{appendix.M}{\376\377\004\041\004\077\004\070\004\101\004\076\004\072\000\040\004\100\004\065\004\110\004\065\004\075\004\070\004\071}{}% 33
\BOOKMARK [1][-]{appendix.N}{\376\377\004\022\004\113\004\062\004\076\004\064\000\040\004\101\004\102\004\060\004\102\004\103\004\101\004\060\000\040\004\077\004\100\004\076\004\062\004\065\004\100\004\072\004\070\000\040\004\067\004\060\004\064\004\060\004\107\004\070}{}% 34
\BOOKMARK [1][-]{appendix.O}{\376\377\000D\000o\000c\000k\000e\000r\000-\000c\000o\000m\000p\000o\000s\000e\000,\000\040\004\077\004\100\004\070\000\040\004\077\004\076\004\074\004\076\004\111\004\070\000\040\004\072\004\076\004\102\004\076\004\100\004\076\004\063\004\076\000\040\004\100\004\060\004\067\004\062\004\065\004\100\004\102\004\113\004\062\004\060\004\065\004\074\000\040\004\077\004\100\004\070\004\073\004\076\004\066\004\065\004\075\004\070\004\065}{}% 35
